<?xml version="1.0" encoding="UTF-8" ?>
<testsuite tests="24" failures="0" name="stepdefs.RunCucumber" time="0.011" errors="0" skipped="0">
  <properties>
    <property name="java.runtime.name" value="Java(TM) SE Runtime Environment"/>
    <property name="sun.boot.library.path" value="C:\Program Files\Java\jdk1.8.0_144\jre\bin"/>
    <property name="java.vm.version" value="25.144-b01"/>
    <property name="browser" value="firefox"/>
    <property name="java.vm.vendor" value="Oracle Corporation"/>
    <property name="maven.multiModuleProjectDirectory" value="F:\hmrc\HotelManagementPlatform"/>
    <property name="java.vendor.url" value="http://java.oracle.com/"/>
    <property name="path.separator" value=";"/>
    <property name="guice.disable.misplaced.annotation.check" value="true"/>
    <property name="java.vm.name" value="Java HotSpot(TM) 64-Bit Server VM"/>
    <property name="file.encoding.pkg" value="sun.io"/>
    <property name="user.script" value=""/>
    <property name="user.country" value="GB"/>
    <property name="sun.java.launcher" value="SUN_STANDARD"/>
    <property name="sun.os.patch.level" value=""/>
    <property name="test" value="RunCucumber"/>
    <property name="java.vm.specification.name" value="Java Virtual Machine Specification"/>
    <property name="user.dir" value="F:\hmrc\HotelManagementPlatform"/>
    <property name="java.runtime.version" value="1.8.0_144-b01"/>
    <property name="java.awt.graphicsenv" value="sun.awt.Win32GraphicsEnvironment"/>
    <property name="java.endorsed.dirs" value="C:\Program Files\Java\jdk1.8.0_144\jre\lib\endorsed"/>
    <property name="os.arch" value="amd64"/>
    <property name="java.io.tmpdir" value="C:\Users\Nagesh\AppData\Local\Temp\"/>
    <property name="line.separator" value="
"/>
    <property name="java.vm.specification.vendor" value="Oracle Corporation"/>
    <property name="user.variant" value=""/>
    <property name="os.name" value="Windows 10"/>
    <property name="classworlds.conf" value="C:\Program Files\Apache\maven\bin\..\bin\m2.conf"/>
    <property name="sun.jnu.encoding" value="Cp1252"/>
    <property name="java.library.path" value="C:\Program Files\Java\jdk1.8.0_144\bin;C:\WINDOWS\Sun\Java\bin;C:\WINDOWS\system32;C:\WINDOWS;C:\ProgramData\Oracle\Java\javapath;C:\WINDOWS\system32;C:\WINDOWS;C:\WINDOWS\System32\Wbem;C:\WINDOWS\System32\WindowsPowerShell\v1.0\;C:\Program Files\Microsoft SQL Server\130\Tools\Binn\;C:\Program Files\dotnet\;C:\Program Files\Java\jdk1.8.0_144\bin;C:\Program Files\Apache\maven\bin;C:\Program Files (x86)\Skype\Phone\;C:\Program Files\Git\cmd;C:\Users\Nagesh\AppData\Local\Microsoft\WindowsApps;;C:\Program Files\Docker Toolbox;."/>
    <property name="maven.conf" value="C:\Program Files\Apache\maven\bin\../conf"/>
    <property name="java.specification.name" value="Java Platform API Specification"/>
    <property name="java.class.version" value="52.0"/>
    <property name="sun.management.compiler" value="HotSpot 64-Bit Tiered Compilers"/>
    <property name="os.version" value="10.0"/>
    <property name="library.jansi.path" value="C:\Program Files\Apache\maven\bin\..\lib\jansi-native\windows64"/>
    <property name="user.home" value="C:\Users\Nagesh"/>
    <property name="user.timezone" value="Europe/London"/>
    <property name="java.awt.printerjob" value="sun.awt.windows.WPrinterJob"/>
    <property name="java.specification.version" value="1.8"/>
    <property name="file.encoding" value="Cp1252"/>
    <property name="user.name" value="Nagesh"/>
    <property name="java.class.path" value="C:\Program Files\Apache\maven\bin\..\boot\plexus-classworlds-2.5.2.jar"/>
    <property name="java.vm.specification.version" value="1.8"/>
    <property name="sun.arch.data.model" value="64"/>
    <property name="java.home" value="C:\Program Files\Java\jdk1.8.0_144\jre"/>
    <property name="sun.java.command" value="org.codehaus.plexus.classworlds.launcher.Launcher test -Dbrowser=firefox -Denvironment=localhost -Dtest=RunCucumber"/>
    <property name="java.specification.vendor" value="Oracle Corporation"/>
    <property name="user.language" value="en"/>
    <property name="awt.toolkit" value="sun.awt.windows.WToolkit"/>
    <property name="java.vm.info" value="mixed mode"/>
    <property name="java.version" value="1.8.0_144"/>
    <property name="java.ext.dirs" value="C:\Program Files\Java\jdk1.8.0_144\jre\lib\ext;C:\WINDOWS\Sun\Java\lib\ext"/>
    <property name="sun.boot.class.path" value="C:\Program Files\Java\jdk1.8.0_144\jre\lib\resources.jar;C:\Program Files\Java\jdk1.8.0_144\jre\lib\rt.jar;C:\Program Files\Java\jdk1.8.0_144\jre\lib\sunrsasign.jar;C:\Program Files\Java\jdk1.8.0_144\jre\lib\jsse.jar;C:\Program Files\Java\jdk1.8.0_144\jre\lib\jce.jar;C:\Program Files\Java\jdk1.8.0_144\jre\lib\charsets.jar;C:\Program Files\Java\jdk1.8.0_144\jre\lib\jfr.jar;C:\Program Files\Java\jdk1.8.0_144\jre\classes"/>
    <property name="sun.stderr.encoding" value="cp850"/>
    <property name="java.vendor" value="Oracle Corporation"/>
    <property name="environment" value="localhost"/>
    <property name="maven.home" value="C:\Program Files\Apache\maven\bin\.."/>
    <property name="file.separator" value="\"/>
    <property name="java.vendor.url.bug" value="http://bugreport.sun.com/bugreport/"/>
    <property name="sun.cpu.endian" value="little"/>
    <property name="sun.io.unicode.encoding" value="UnicodeLittle"/>
    <property name="sun.stdout.encoding" value="cp850"/>
    <property name="sun.desktop" value="windows"/>
    <property name="sun.cpu.isalist" value="amd64"/>
  </properties>
  <testcase classname="| Holiday Inn Express | Kirkstall Road, Leeds LS3 1LY | John Lee | 0871 902 1616 | holiday@Innexpress.com | Holiday Inn Express |" name="Given User login into home page with &quot;admin&quot; and &quot;password&quot;" time="0.009"/>
  <testcase classname="| Holiday Inn Express | Kirkstall Road, Leeds LS3 1LY | John Lee | 0871 902 1616 | holiday@Innexpress.com | Holiday Inn Express |" name="When user enters &quot;Holiday Inn Express&quot;, &quot;Kirkstall Road, Leeds LS3 1LY&quot;, &quot;John Lee&quot;, &quot;0871 902 1616&quot; and &quot;holiday@Innexpress.com&quot;" time="0"/>
  <testcase classname="| Holiday Inn Express | Kirkstall Road, Leeds LS3 1LY | John Lee | 0871 902 1616 | holiday@Innexpress.com | Holiday Inn Express |" name="And clicks create button" time="0"/>
  <testcase classname="| Holiday Inn Express | Kirkstall Road, Leeds LS3 1LY | John Lee | 0871 902 1616 | holiday@Innexpress.com | Holiday Inn Express |" name="Then user should see &quot;Holiday Inn Express&quot; entry created on home page" time="0"/>
  <testcase classname="| Holiday Inn Express | Kirkstall Road, Leeds LS3 1LY | John Lee | 0871 902 1616 | holiday@Innexpress.com | Holiday Inn Express |" name="| Holiday Inn Express | Kirkstall Road, Leeds LS3 1LY | John Lee | 0871 902 1616 | holiday@Innexpress.com | Holiday Inn Express |" time="0"/>
  <testcase classname="Scenario: User should be able to delete entry" name="Given User login into home page with &quot;admin&quot; and &quot;password&quot;" time="0"/>
  <testcase classname="Scenario: User should be able to delete entry" name="When user deletes hotel &quot;Holiday Inn Express&quot;" time="0"/>
  <testcase classname="Scenario: User should be able to delete entry" name="Then &quot;Holiday Inn Express&quot; hotel entry should remove from home page" time="0"/>
  <testcase classname="Scenario: User should be able to delete entry" name="Scenario: User should be able to delete entry" time="0"/>
  <testcase classname="| Holiday Inn Express | Kirkstall Road, Leeds LS3 1LY | John Lee | 0256 902 1789 | holiday@Innexpress.com | Holiday Inn Express |" name="Given User login into home page with &quot;admin&quot; and &quot;password&quot;" time="0"/>
  <testcase classname="| Holiday Inn Express | Kirkstall Road, Leeds LS3 1LY | John Lee | 0256 902 1789 | holiday@Innexpress.com | Holiday Inn Express |" name="When user enters &quot;Holiday Inn Express&quot;, &quot;Kirkstall Road, Leeds LS3 1LY&quot;, &quot;John Lee&quot;, &quot;0256 902 1789&quot; and &quot;holiday@Innexpress.com&quot;" time="0"/>
  <testcase classname="| Holiday Inn Express | Kirkstall Road, Leeds LS3 1LY | John Lee | 0256 902 1789 | holiday@Innexpress.com | Holiday Inn Express |" name="And clicks create button" time="0.001"/>
  <testcase classname="| Holiday Inn Express | Kirkstall Road, Leeds LS3 1LY | John Lee | 0256 902 1789 | holiday@Innexpress.com | Holiday Inn Express |" name="Then user should see &quot;Holiday Inn Express&quot; entry created on home page" time="0"/>
  <testcase classname="| Holiday Inn Express | Kirkstall Road, Leeds LS3 1LY | John Lee | 0256 902 1789 | holiday@Innexpress.com | Holiday Inn Express |" name="| Holiday Inn Express | Kirkstall Road, Leeds LS3 1LY | John Lee | 0256 902 1789 | holiday@Innexpress.com | Holiday Inn Express |" time="0.001"/>
  <testcase classname="| Premier Inn | Hunslet Road, Leeds LS23 1ER | Peter | 0871 142 1616 | premier@Inn.com | Premier Inn |" name="Given User login into home page with &quot;admin&quot; and &quot;password&quot;" time="0"/>
  <testcase classname="| Premier Inn | Hunslet Road, Leeds LS23 1ER | Peter | 0871 142 1616 | premier@Inn.com | Premier Inn |" name="When user enters &quot;Premier Inn&quot;, &quot;Hunslet Road, Leeds LS23 1ER&quot;, &quot;Peter&quot;, &quot;0871 142 1616&quot; and &quot;premier@Inn.com&quot;" time="0"/>
  <testcase classname="| Premier Inn | Hunslet Road, Leeds LS23 1ER | Peter | 0871 142 1616 | premier@Inn.com | Premier Inn |" name="And clicks create button" time="0"/>
  <testcase classname="| Premier Inn | Hunslet Road, Leeds LS23 1ER | Peter | 0871 142 1616 | premier@Inn.com | Premier Inn |" name="Then user should see &quot;Premier Inn&quot; entry created on home page" time="0"/>
  <testcase classname="| Premier Inn | Hunslet Road, Leeds LS23 1ER | Peter | 0871 142 1616 | premier@Inn.com | Premier Inn |" name="| Premier Inn | Hunslet Road, Leeds LS23 1ER | Peter | 0871 142 1616 | premier@Inn.com | Premier Inn |" time="0"/>
  <testcase classname="| Queens Hotel | Manor Road, Leeds LS10 1SY | Philip | 0235 902 4586 | queens@Hotel.com | Queens Hotel |" name="Given User login into home page with &quot;admin&quot; and &quot;password&quot;" time="0"/>
  <testcase classname="| Queens Hotel | Manor Road, Leeds LS10 1SY | Philip | 0235 902 4586 | queens@Hotel.com | Queens Hotel |" name="When user enters &quot;Queens Hotel&quot;, &quot;Manor Road, Leeds LS10 1SY&quot;, &quot;Philip&quot;, &quot;0235 902 4586&quot; and &quot;queens@Hotel.com&quot;" time="0"/>
  <testcase classname="| Queens Hotel | Manor Road, Leeds LS10 1SY | Philip | 0235 902 4586 | queens@Hotel.com | Queens Hotel |" name="And clicks create button" time="0"/>
  <testcase classname="| Queens Hotel | Manor Road, Leeds LS10 1SY | Philip | 0235 902 4586 | queens@Hotel.com | Queens Hotel |" name="Then user should see &quot;Queens Hotel&quot; entry created on home page" time="0"/>
  <testcase classname="| Queens Hotel | Manor Road, Leeds LS10 1SY | Philip | 0235 902 4586 | queens@Hotel.com | Queens Hotel |" name="| Queens Hotel | Manor Road, Leeds LS10 1SY | Philip | 0235 902 4586 | queens@Hotel.com | Queens Hotel |" time="0"/>
</testsuite>